
> server@1.0.0 start:backend
> nodemon --max-old-space-size=16384 index.js

[33m[nodemon] 2.0.22[39m
[33m[nodemon] to restart at any time, enter `rs`[39m
[33m[nodemon] watching path(s): *.*[39m
[33m[nodemon] watching extensions: js,mjs,json[39m
[32m[nodemon] starting `node --max-old-space-size=16384 index.js`[39m
(node:27024) [DEP0040] DeprecationWarning: The `punycode` module is deprecated. Please use a userland alternative instead.
(Use `node --trace-deprecation ...` to show where the warning was created)
server running on PORT 8000
Error [ERR_HTTP_HEADERS_SENT]: Cannot set headers after they are sent to the client
    at ServerResponse.setHeader (node:_http_outgoing:696:11)
    at ServerResponse.header (/home/sathvik/Desktop/IIITB/Sem-7/SPE/Project/tinder-clone/server/node_modules/express/lib/response.js:794:10)
    at ServerResponse.send (/home/sathvik/Desktop/IIITB/Sem-7/SPE/Project/tinder-clone/server/node_modules/express/lib/response.js:174:12)
    at ServerResponse.json (/home/sathvik/Desktop/IIITB/Sem-7/SPE/Project/tinder-clone/server/node_modules/express/lib/response.js:278:15)
    at /home/sathvik/Desktop/IIITB/Sem-7/SPE/Project/tinder-clone/server/index.js:83:25 {
  code: 'ERR_HTTP_HEADERS_SENT'
}
Error [ERR_HTTP_HEADERS_SENT]: Cannot set headers after they are sent to the client
    at ServerResponse.setHeader (node:_http_outgoing:696:11)
    at ServerResponse.header (/home/sathvik/Desktop/IIITB/Sem-7/SPE/Project/tinder-clone/server/node_modules/express/lib/response.js:794:10)
    at ServerResponse.send (/home/sathvik/Desktop/IIITB/Sem-7/SPE/Project/tinder-clone/server/node_modules/express/lib/response.js:174:12)
    at ServerResponse.json (/home/sathvik/Desktop/IIITB/Sem-7/SPE/Project/tinder-clone/server/node_modules/express/lib/response.js:278:15)
    at /home/sathvik/Desktop/IIITB/Sem-7/SPE/Project/tinder-clone/server/index.js:83:25 {
  code: 'ERR_HTTP_HEADERS_SENT'
}
